The system is: Windows - 10.0.22621 - AMD64
Compiling the C compiler identification source file "CMakeCCompilerId.c" succeeded.
Compiler: E:/Environment/x86_64-elf-tools-windows/bin/x86_64-elf-gcc.exe 
Build flags: -g;-c;-O0;-m32;-fno-pie;-fno-stack-protector;-fno-asynchronous-unwind-tables
Id flags:  

The output was:
0


Compilation of the C compiler identification source "CMakeCCompilerId.c" produced "CMakeCCompilerId.o"

The C compiler identification is GNU, found in "E:/Data/Work/Job/Cpp/diy-x86os/start/start/build/CMakeFiles/3.25.0-rc3/CompilerIdC/CMakeCCompilerId.o"

Determining if the C compiler works passed with the following output:
Change Dir: E:/Data/Work/Job/Cpp/diy-x86os/start/start/build/CMakeFiles/CMakeScratch/TryCompile-rfrjzb

Run Build Command(s):E:/Environment/x86_64-elf-tools-windows/bin/make.exe -f Makefile cmTC_2fddd/fast && E:/Environment/x86_64-elf-tools-windows/bin/make.exe  -f CMakeFiles/cmTC_2fddd.dir/build.make CMakeFiles/cmTC_2fddd.dir/build
make[1]: Entering directory 'E:/Data/Work/Job/Cpp/diy-x86os/start/start/build/CMakeFiles/CMakeScratch/TryCompile-rfrjzb'
Building C object CMakeFiles/cmTC_2fddd.dir/testCCompiler.c.obj
E:/Environment/x86_64-elf-tools-windows/bin/x86_64-elf-gcc.exe   -g -c -O0 -m32 -fno-pie -fno-stack-protector -fno-asynchronous-unwind-tables  -o CMakeFiles/cmTC_2fddd.dir/testCCompiler.c.obj -c E:/Data/Work/Job/Cpp/diy-x86os/start/start/build/CMakeFiles/CMakeScratch/TryCompile-rfrjzb/testCCompiler.c
Linking C executable cmTC_2fddd.exe
E:/Environment/cmake-3.25.0-rc3-windows-x86_64/bin/cmake.exe -E rm -f CMakeFiles/cmTC_2fddd.dir/objects.a
E:/Environment/x86_64-elf-tools-windows/bin/x86_64-elf-ar.exe qc CMakeFiles/cmTC_2fddd.dir/objects.a @CMakeFiles/cmTC_2fddd.dir/objects1
E:/Environment/x86_64-elf-tools-windows/bin/x86_64-elf-gcc.exe -g -c -O0 -m32 -fno-pie -fno-stack-protector -fno-asynchronous-unwind-tables  -Wl,--whole-archive CMakeFiles/cmTC_2fddd.dir/objects.a -Wl,--no-whole-archive -o cmTC_2fddd.exe -Wl,--out-implib,libcmTC_2fddd.dll.a -Wl,--major-image-version,0,--minor-image-version,0 @CMakeFiles/cmTC_2fddd.dir/linkLibs.rsp
x86_64-elf-gcc.exe: warning: CMakeFiles/cmTC_2fddd.dir/objects.a: linker input file unused because linking not done
make[1]: Leaving directory 'E:/Data/Work/Job/Cpp/diy-x86os/start/start/build/CMakeFiles/CMakeScratch/TryCompile-rfrjzb'



Checking whether the ASM compiler is GNU using "--version" matched "(GNU assembler)|(GCC)|(Free Software Foundation)":
x86_64-elf-gcc.exe (GCC) 7.1.0
Copyright (C) 2017 Free Software Foundation, Inc.
This is free software; see the source for copying conditions.  There is NO
warranty; not even for MERCHANTABILITY or FITNESS FOR A PARTICULAR PURPOSE.

